<?xml version="1.0" encoding="utf-8" standalone="no"?>
<!--This file represents the results of running a test suite-->
<test-results name="D:\Projects\Yogesh\Blog\New folder\MTConnectToIoTHubAgent\MTCClient\bin\Debug\MTCSharp.dll" total="0" errors="0" failures="0" not-run="0" inconclusive="0" ignored="0" skipped="0" invalid="0" date="2019-06-06" time="10:07:22">
  <environment nunit-version="2.6.2.12296" clr-version="2.0.50727.9040" os-version="Microsoft Windows NT 6.2.9200.0" platform="Win32NT" cwd="C:\Program Files (x86)\NUnit 2.6.2\bin" machine-name="DESKTOP-CJROEMU" user="calupena" user-domain="DESKTOP-CJROEMU" />
  <culture-info current-culture="en-PH" current-uiculture="en-US" />
  <test-suite type="Assembly" name="D:\Projects\Yogesh\Blog\New folder\MTConnectToIoTHubAgent\MTCClient\bin\Debug\MTCSharp.dll" executed="True" result="Inconclusive" success="False" time="0.000" asserts="0" />
</test-results>